0 info it worked if it ends with ok
1 verbose cli [ 'C:\\Program Files\\nodejs\\\\node.exe',
1 verbose cli   'C:\\Program Files\\nodejs\\node_modules\\npm\\bin\\npm-cli.js',
1 verbose cli   'link',
1 verbose cli   'nodetime' ]
2 info using npm@1.3.11
3 info using node@v0.10.21
4 verbose node symlink C:\Program Files\nodejs\\node.exe
5 info c:\development\categories\openshift\snipped\node_modules\nodetime unbuild
6 verbose link symlinking C:\Users\mark prades\AppData\Roaming\npm\node_modules\nodetime to c:\development\categories\openshift\snipped\node_modules\nodetime
7 error Error: EPERM, symlink 'C:\Users\mark prades\AppData\Roaming\npm\node_modules\nodetime'
7 error  { [Error: EPERM, symlink 'C:\Users\mark prades\AppData\Roaming\npm\node_modules\nodetime']
7 error   errno: 50,
7 error   code: 'EPERM',
7 error   path: 'C:\\Users\\mark prades\\AppData\\Roaming\\npm\\node_modules\\nodetime' }
8 error Please try running this command again as root/Administrator.
9 error System Windows_NT 6.1.7601
10 error command "C:\\Program Files\\nodejs\\\\node.exe" "C:\\Program Files\\nodejs\\node_modules\\npm\\bin\\npm-cli.js" "link" "nodetime"
11 error cwd c:\development\categories\openshift\snipped
12 error node -v v0.10.21
13 error npm -v 1.3.11
14 error path C:\Users\mark prades\AppData\Roaming\npm\node_modules\nodetime
15 error code EPERM
16 error errno 50
17 error stack Error: EPERM, symlink 'C:\Users\mark prades\AppData\Roaming\npm\node_modules\nodetime'
18 verbose exit [ 50, true ]
